Using pre-set license
Built from '2020.3/release' branch; Version is '2020.3.2f1 (8fd9074bf66c) revision 9427207'; Using compiler version '192528614'; Build Type 'Release'
OS: 'Windows 10 Pro; OS build 19043.1348; Version 2009; 64bit' Language: 'en' Physical Memory: 32609 MB
BatchMode: 1, IsHumanControllingUs: 0, StartBugReporterOnCrash: 0, Is64bit: 1, IsPro: 0

 COMMAND LINE ARGUMENTS:
C:\Program Files\Unity\Hub\Editor\2020.3.2f1\Editor\Unity.exe
-adb2
-batchMode
-noUpm
-name
AssetImportWorker1
-projectPath
C:/Users/emrea/OneDrive/Desktop/Unity/MobgeDevAssignment
-logFile
Logs/AssetImportWorker1.log
-srvPort
61127
Successfully changed project path to: C:/Users/emrea/OneDrive/Desktop/Unity/MobgeDevAssignment
C:/Users/emrea/OneDrive/Desktop/Unity/MobgeDevAssignment
Using Asset Import Pipeline V2.
Refreshing native plugins compatible for Editor in 53.91 ms, found 1 plugins.
Preloading 0 native plugins for Editor in 0.00 ms.
Initialize engine version: 2020.3.2f1 (8fd9074bf66c)
[Subsystems] Discovering subsystems at path C:/Program Files/Unity/Hub/Editor/2020.3.2f1/Editor/Data/Resources/UnitySubsystems
[Subsystems] Discovering subsystems at path C:/Users/emrea/OneDrive/Desktop/Unity/MobgeDevAssignment/Assets
GfxDevice: creating device client; threaded=0
Direct3D:
    Version:  Direct3D 11.0 [level 11.1]
    Renderer: NVIDIA GeForce RTX 2060 (ID=0x1f11)
    Vendor:   
    VRAM:     5980 MB
    Driver:   30.0.14.7212
Initialize mono
Mono path[0] = 'C:/Program Files/Unity/Hub/Editor/2020.3.2f1/Editor/Data/Managed'
Mono path[1] = 'C:/Program Files/Unity/Hub/Editor/2020.3.2f1/Editor/Data/MonoBleedingEdge/lib/mono/unityjit'
Mono config path = 'C:/Program Files/Unity/Hub/Editor/2020.3.2f1/Editor/Data/MonoBleedingEdge/etc'
Using monoOptions --debugger-agent=transport=dt_socket,embedding=1,server=y,suspend=n,address=127.0.0.1:56880
Begin MonoManager ReloadAssembly
Registering precompiled unity dll's ...
Register platform support module: C:/Program Files/Unity/Hub/Editor/2020.3.2f1/Editor/Data/PlaybackEngines/WindowsStandaloneSupport/UnityEditor.WindowsStandalone.Extensions.dll
Registered in 0.003724 seconds.
Native extension for WindowsStandalone target not found
Refreshing native plugins compatible for Editor in 61.60 ms, found 1 plugins.
Preloading 0 native plugins for Editor in 0.00 ms.
Invoked RoslynAnalysisRunner static constructor.
RoslynAnalysisRunner will not be running.
RoslynAnalysisRunner has terminated.
Mono: successfully reloaded assembly
- Completed reload, in  1.649 seconds
Platform modules already initialized, skipping
Registering precompiled user dll's ...
Registered in 0.001338 seconds.
Begin MonoManager ReloadAssembly
Native extension for WindowsStandalone target not found
Refreshing native plugins compatible for Editor in 49.76 ms, found 1 plugins.
Preloading 0 native plugins for Editor in 0.00 ms.
Invoked RoslynAnalysisRunner static constructor.
RoslynAnalysisRunner will not be running.
RoslynAnalysisRunner has terminated.
Mono: successfully reloaded assembly
- Completed reload, in  1.183 seconds
Platform modules already initialized, skipping
========================================================================
Worker process is ready to serve import requests
Launched and connected shader compiler UnityShaderCompiler.exe after 0.05 seconds
Refreshing native plugins compatible for Editor in 0.50 ms, found 1 plugins.
Preloading 0 native plugins for Editor in 0.00 ms.
Unloading 1836 Unused Serialized files (Serialized files now loaded: 0)
System memory in use before: 87.9 MB.
System memory in use after: 87.8 MB.

Unloading 24 unused Assets to reduce memory usage. Loaded Objects now: 2282.
Total: 3.504400 ms (FindLiveObjects: 0.410800 ms CreateObjectMapping: 0.135700 ms MarkObjects: 2.636400 ms  DeleteObjects: 0.319300 ms)

========================================================================
Received Import Request.
  path: Assets/Resources/Car.prefab
  artifactKey: Guid(fb6132f927fafa547a550f31ee096585) Importer(815301076,1909f56bfc062723c751e8b465ee728b)
Start importing Assets/Resources/Car.prefab using Guid(fb6132f927fafa547a550f31ee096585) Importer(815301076,1909f56bfc062723c751e8b465ee728b)  -> (artifact id: '9d9c594312ad33187f89c9bc0f62ba22') in 0.157995 seconds
  Import took 0.162531 seconds .

========================================================================
Received Import Request.
  Time since last request: 0.496435 seconds.
  path: Assets/Resources/Car.prefab
  artifactKey: Guid(fb6132f927fafa547a550f31ee096585) Importer(815301076,1909f56bfc062723c751e8b465ee728b)
Start importing Assets/Resources/Car.prefab using Guid(fb6132f927fafa547a550f31ee096585) Importer(815301076,1909f56bfc062723c751e8b465ee728b)  -> (artifact id: '9a735683671838181adb7c760cfe1781') in 0.009346 seconds
  Import took 0.013754 seconds .

========================================================================
Received Import Request.
  Time since last request: 2.474459 seconds.
  path: Assets/Resources/Car.prefab
  artifactKey: Guid(fb6132f927fafa547a550f31ee096585) Importer(815301076,1909f56bfc062723c751e8b465ee728b)
Start importing Assets/Resources/Car.prefab using Guid(fb6132f927fafa547a550f31ee096585) Importer(815301076,1909f56bfc062723c751e8b465ee728b)  -> (artifact id: '02e8c1d4d493d26628bf0eec5b0b73c5') in 0.017960 seconds
  Import took 0.024987 seconds .

========================================================================
Received Import Request.
  Time since last request: 55.469280 seconds.
  path: Assets/Resources/Obstacles/Circle.prefab
  artifactKey: Guid(70822da9ec3a59746850668ad19eb806) Importer(815301076,1909f56bfc062723c751e8b465ee728b)
Start importing Assets/Resources/Obstacles/Circle.prefab using Guid(70822da9ec3a59746850668ad19eb806) Importer(815301076,1909f56bfc062723c751e8b465ee728b)  -> (artifact id: '76cb7a60a38159d0c8f7c2db7e31291f') in 0.015095 seconds
  Import took 0.019416 seconds .

========================================================================
Received Prepare
Registering precompiled user dll's ...
Registered in 0.001795 seconds.
Begin MonoManager ReloadAssembly
Native extension for WindowsStandalone target not found
Refreshing native plugins compatible for Editor in 0.42 ms, found 1 plugins.
Preloading 0 native plugins for Editor in 0.00 ms.
Invoked RoslynAnalysisRunner static constructor.
RoslynAnalysisRunner will not be running.
RoslynAnalysisRunner has terminated.
Mono: successfully reloaded assembly
- Completed reload, in  1.174 seconds
Platform modules already initialized, skipping
Refreshing native plugins compatible for Editor in 0.45 ms, found 1 plugins.
Preloading 0 native plugins for Editor in 0.00 ms.
Unloading 1818 Unused Serialized files (Serialized files now loaded: 0)
System memory in use before: 89.6 MB.
System memory in use after: 89.6 MB.

Unloading 12 unused Assets to reduce memory usage. Loaded Objects now: 2293.
Total: 2.767400 ms (FindLiveObjects: 0.215300 ms CreateObjectMapping: 0.076000 ms MarkObjects: 2.340200 ms  DeleteObjects: 0.133900 ms)

========================================================================
Received Import Request.
  Time since last request: 168.171285 seconds.
  path: Assets/Resources/Car.prefab
  artifactKey: Guid(fb6132f927fafa547a550f31ee096585) Importer(815301076,1909f56bfc062723c751e8b465ee728b)
Start importing Assets/Resources/Car.prefab using Guid(fb6132f927fafa547a550f31ee096585) Importer(815301076,1909f56bfc062723c751e8b465ee728b)  -> (artifact id: 'e2fe8849aca2a920ff099662f0ed9b7c') in 0.113530 seconds
  Import took 0.121254 seconds .

========================================================================
Received Import Request.
  Time since last request: 5.130086 seconds.
  path: Assets/Resources/Car.prefab
  artifactKey: Guid(fb6132f927fafa547a550f31ee096585) Importer(815301076,1909f56bfc062723c751e8b465ee728b)
Start importing Assets/Resources/Car.prefab using Guid(fb6132f927fafa547a550f31ee096585) Importer(815301076,1909f56bfc062723c751e8b465ee728b)  -> (artifact id: '470b12704965cf972686190aa1d04b65') in 0.010405 seconds
  Import took 0.013546 seconds .

========================================================================
Received Import Request.
  Time since last request: 4.247714 seconds.
  path: Assets/Resources/Car.prefab
  artifactKey: Guid(fb6132f927fafa547a550f31ee096585) Importer(815301076,1909f56bfc062723c751e8b465ee728b)
Start importing Assets/Resources/Car.prefab using Guid(fb6132f927fafa547a550f31ee096585) Importer(815301076,1909f56bfc062723c751e8b465ee728b)  -> (artifact id: 'b3d7a5a214e105692b9f969963b55e0f') in 0.007173 seconds
  Import took 0.010148 seconds .

========================================================================
Received Import Request.
  Time since last request: 1.838985 seconds.
  path: Assets/Resources/Car.prefab
  artifactKey: Guid(fb6132f927fafa547a550f31ee096585) Importer(815301076,1909f56bfc062723c751e8b465ee728b)
Start importing Assets/Resources/Car.prefab using Guid(fb6132f927fafa547a550f31ee096585) Importer(815301076,1909f56bfc062723c751e8b465ee728b)  -> (artifact id: '8b868b35a6e2fefa57c8609b3df669cf') in 0.008025 seconds
  Import took 0.011384 seconds .

========================================================================
Received Import Request.
  Time since last request: 1.807941 seconds.
  path: Assets/Resources/Car.prefab
  artifactKey: Guid(fb6132f927fafa547a550f31ee096585) Importer(815301076,1909f56bfc062723c751e8b465ee728b)
Start importing Assets/Resources/Car.prefab using Guid(fb6132f927fafa547a550f31ee096585) Importer(815301076,1909f56bfc062723c751e8b465ee728b)  -> (artifact id: '4179c6a7177d6266843bbcfc3a5cfca3') in 0.009595 seconds
  Import took 0.013197 seconds .

========================================================================
Received Import Request.
  Time since last request: 3.021675 seconds.
  path: Assets/Resources/Car.prefab
  artifactKey: Guid(fb6132f927fafa547a550f31ee096585) Importer(815301076,1909f56bfc062723c751e8b465ee728b)
Start importing Assets/Resources/Car.prefab using Guid(fb6132f927fafa547a550f31ee096585) Importer(815301076,1909f56bfc062723c751e8b465ee728b)  -> (artifact id: '24d31eebb7baeaa15d2c436964fe5c1b') in 0.009272 seconds
  Import took 0.012778 seconds .

========================================================================
Received Import Request.
  Time since last request: 2.427696 seconds.
  path: Assets/Resources/Car.prefab
  artifactKey: Guid(fb6132f927fafa547a550f31ee096585) Importer(815301076,1909f56bfc062723c751e8b465ee728b)
Start importing Assets/Resources/Car.prefab using Guid(fb6132f927fafa547a550f31ee096585) Importer(815301076,1909f56bfc062723c751e8b465ee728b)  -> (artifact id: '41b0c8be6ba9fd62bdfcfadb1a4175ed') in 0.008835 seconds
  Import took 0.012126 seconds .

========================================================================
Received Import Request.
  Time since last request: 1.616526 seconds.
  path: Assets/Resources/Car.prefab
  artifactKey: Guid(fb6132f927fafa547a550f31ee096585) Importer(815301076,1909f56bfc062723c751e8b465ee728b)
Start importing Assets/Resources/Car.prefab using Guid(fb6132f927fafa547a550f31ee096585) Importer(815301076,1909f56bfc062723c751e8b465ee728b)  -> (artifact id: '6663f958a211480eda32b7916d762f71') in 0.008702 seconds
  Import took 0.011503 seconds .

========================================================================
Received Import Request.
  Time since last request: 90.654832 seconds.
  path: Assets/Resources/Car.prefab
  artifactKey: Guid(fb6132f927fafa547a550f31ee096585) Importer(815301076,1909f56bfc062723c751e8b465ee728b)
Start importing Assets/Resources/Car.prefab using Guid(fb6132f927fafa547a550f31ee096585) Importer(815301076,1909f56bfc062723c751e8b465ee728b)  -> (artifact id: 'd0a4fc7677afa458296cb136e3b41b58') in 0.010826 seconds
  Import took 0.014440 seconds .

========================================================================
Received Prepare
Registering precompiled user dll's ...
Registered in 0.001452 seconds.
Begin MonoManager ReloadAssembly
Native extension for WindowsStandalone target not found
Refreshing native plugins compatible for Editor in 0.43 ms, found 1 plugins.
Preloading 0 native plugins for Editor in 0.00 ms.
Invoked RoslynAnalysisRunner static constructor.
RoslynAnalysisRunner will not be running.
RoslynAnalysisRunner has terminated.
Mono: successfully reloaded assembly
- Completed reload, in  1.010 seconds
Platform modules already initialized, skipping
Refreshing native plugins compatible for Editor in 0.34 ms, found 1 plugins.
Preloading 0 native plugins for Editor in 0.00 ms.
Unloading 1818 Unused Serialized files (Serialized files now loaded: 0)
System memory in use before: 89.7 MB.
System memory in use after: 89.7 MB.

Unloading 12 unused Assets to reduce memory usage. Loaded Objects now: 2298.
Total: 2.221300 ms (FindLiveObjects: 0.252100 ms CreateObjectMapping: 0.100700 ms MarkObjects: 1.757000 ms  DeleteObjects: 0.110700 ms)

========================================================================
Received Import Request.
  Time since last request: 7.070311 seconds.
  path: Assets/Resources/Car.prefab
  artifactKey: Guid(fb6132f927fafa547a550f31ee096585) Importer(815301076,1909f56bfc062723c751e8b465ee728b)
Start importing Assets/Resources/Car.prefab using Guid(fb6132f927fafa547a550f31ee096585) Importer(815301076,1909f56bfc062723c751e8b465ee728b)  -> (artifact id: 'd6cc82d9c7a675ddb04a04d33194b39a') in 0.044949 seconds
  Import took 0.047694 seconds .

========================================================================
Received Prepare
Registering precompiled user dll's ...
Registered in 0.001572 seconds.
Begin MonoManager ReloadAssembly
Native extension for WindowsStandalone target not found
Refreshing native plugins compatible for Editor in 0.39 ms, found 1 plugins.
Preloading 0 native plugins for Editor in 0.00 ms.
Invoked RoslynAnalysisRunner static constructor.
RoslynAnalysisRunner will not be running.
RoslynAnalysisRunner has terminated.
Mono: successfully reloaded assembly
- Completed reload, in  1.103 seconds
Platform modules already initialized, skipping
Refreshing native plugins compatible for Editor in 0.39 ms, found 1 plugins.
Preloading 0 native plugins for Editor in 0.00 ms.
Unloading 1818 Unused Serialized files (Serialized files now loaded: 0)
System memory in use before: 89.7 MB.
System memory in use after: 89.7 MB.

Unloading 12 unused Assets to reduce memory usage. Loaded Objects now: 2303.
Total: 2.254600 ms (FindLiveObjects: 0.190300 ms CreateObjectMapping: 0.075900 ms MarkObjects: 1.872200 ms  DeleteObjects: 0.115400 ms)

========================================================================
Received Prepare
Registering precompiled user dll's ...
Registered in 0.001001 seconds.
Begin MonoManager ReloadAssembly
Native extension for WindowsStandalone target not found
Refreshing native plugins compatible for Editor in 0.34 ms, found 1 plugins.
Preloading 0 native plugins for Editor in 0.00 ms.
Invoked RoslynAnalysisRunner static constructor.
RoslynAnalysisRunner will not be running.
RoslynAnalysisRunner has terminated.
Mono: successfully reloaded assembly
- Completed reload, in  0.926 seconds
Platform modules already initialized, skipping
Refreshing native plugins compatible for Editor in 0.39 ms, found 1 plugins.
Preloading 0 native plugins for Editor in 0.00 ms.
Unloading 1818 Unused Serialized files (Serialized files now loaded: 0)
System memory in use before: 89.7 MB.
System memory in use after: 89.7 MB.

Unloading 12 unused Assets to reduce memory usage. Loaded Objects now: 2307.
Total: 2.480200 ms (FindLiveObjects: 0.435200 ms CreateObjectMapping: 0.113700 ms MarkObjects: 1.826400 ms  DeleteObjects: 0.103700 ms)

========================================================================
Received Import Request.
  Time since last request: 598.880202 seconds.
  path: Assets/Materials/New Material.mat
  artifactKey: Guid(e740a305261851d41a4ad37a4d9bc8ae) Importer(815301076,1909f56bfc062723c751e8b465ee728b)
Start importing Assets/Materials/New Material.mat using Guid(e740a305261851d41a4ad37a4d9bc8ae) Importer(815301076,1909f56bfc062723c751e8b465ee728b)  -> (artifact id: '8079974fc170ad09e1d5a29f36498460') in 0.128478 seconds
  Import took 0.131616 seconds .

========================================================================
Received Prepare
Registering precompiled user dll's ...
Registered in 0.001015 seconds.
Begin MonoManager ReloadAssembly
Native extension for WindowsStandalone target not found
Refreshing native plugins compatible for Editor in 0.32 ms, found 1 plugins.
Preloading 0 native plugins for Editor in 0.00 ms.
Invoked RoslynAnalysisRunner static constructor.
RoslynAnalysisRunner will not be running.
RoslynAnalysisRunner has terminated.
Mono: successfully reloaded assembly
- Completed reload, in  0.910 seconds
Platform modules already initialized, skipping
Refreshing native plugins compatible for Editor in 0.35 ms, found 1 plugins.
Preloading 0 native plugins for Editor in 0.00 ms.
Unloading 1818 Unused Serialized files (Serialized files now loaded: 0)
System memory in use before: 90.0 MB.
System memory in use after: 90.0 MB.

Unloading 12 unused Assets to reduce memory usage. Loaded Objects now: 2346.
Total: 1.887600 ms (FindLiveObjects: 0.189400 ms CreateObjectMapping: 0.066600 ms MarkObjects: 1.533500 ms  DeleteObjects: 0.097200 ms)

========================================================================
Received Prepare
Registering precompiled user dll's ...
Registered in 0.001616 seconds.
Begin MonoManager ReloadAssembly
Native extension for WindowsStandalone target not found
Refreshing native plugins compatible for Editor in 0.34 ms, found 1 plugins.
Preloading 0 native plugins for Editor in 0.00 ms.
Invoked RoslynAnalysisRunner static constructor.
RoslynAnalysisRunner will not be running.
RoslynAnalysisRunner has terminated.
Mono: successfully reloaded assembly
- Completed reload, in  0.871 seconds
Platform modules already initialized, skipping
Refreshing native plugins compatible for Editor in 0.37 ms, found 1 plugins.
Preloading 0 native plugins for Editor in 0.00 ms.
Unloading 1818 Unused Serialized files (Serialized files now loaded: 0)
System memory in use before: 90.0 MB.
System memory in use after: 90.0 MB.

Unloading 12 unused Assets to reduce memory usage. Loaded Objects now: 2350.
Total: 2.063500 ms (FindLiveObjects: 0.195200 ms CreateObjectMapping: 0.069100 ms MarkObjects: 1.701600 ms  DeleteObjects: 0.096800 ms)

========================================================================
Received Prepare
Registering precompiled user dll's ...
Registered in 0.001223 seconds.
Begin MonoManager ReloadAssembly
Native extension for WindowsStandalone target not found
Refreshing native plugins compatible for Editor in 0.37 ms, found 1 plugins.
Preloading 0 native plugins for Editor in 0.00 ms.
Invoked RoslynAnalysisRunner static constructor.
RoslynAnalysisRunner will not be running.
RoslynAnalysisRunner has terminated.
Mono: successfully reloaded assembly
- Completed reload, in  0.935 seconds
Platform modules already initialized, skipping
Refreshing native plugins compatible for Editor in 0.35 ms, found 1 plugins.
Preloading 0 native plugins for Editor in 0.00 ms.
Unloading 1818 Unused Serialized files (Serialized files now loaded: 0)
System memory in use before: 90.0 MB.
System memory in use after: 90.0 MB.

Unloading 12 unused Assets to reduce memory usage. Loaded Objects now: 2354.
Total: 3.305000 ms (FindLiveObjects: 0.368300 ms CreateObjectMapping: 0.130700 ms MarkObjects: 2.685000 ms  DeleteObjects: 0.119400 ms)

========================================================================
Received Import Request.
  Time since last request: 282.228604 seconds.
  path: Assets/Resources/Car.prefab
  artifactKey: Guid(fb6132f927fafa547a550f31ee096585) Importer(815301076,1909f56bfc062723c751e8b465ee728b)
Start importing Assets/Resources/Car.prefab using Guid(fb6132f927fafa547a550f31ee096585) Importer(815301076,1909f56bfc062723c751e8b465ee728b)  -> (artifact id: '4894319498841abdb575e2875f379b95') in 0.047913 seconds
  Import took 0.050834 seconds .

========================================================================
Received Import Request.
  Time since last request: 6.356147 seconds.
  path: Assets/Resources/Obstacles/Circle.prefab
  artifactKey: Guid(70822da9ec3a59746850668ad19eb806) Importer(815301076,1909f56bfc062723c751e8b465ee728b)
Start importing Assets/Resources/Obstacles/Circle.prefab using Guid(70822da9ec3a59746850668ad19eb806) Importer(815301076,1909f56bfc062723c751e8b465ee728b)  -> (artifact id: 'd54a985dff1f5d18aceb73ac271aab52') in 0.011753 seconds
  Import took 0.014882 seconds .

========================================================================
Received Prepare
Registering precompiled user dll's ...
Registered in 0.001381 seconds.
Begin MonoManager ReloadAssembly
Native extension for WindowsStandalone target not found
Refreshing native plugins compatible for Editor in 0.37 ms, found 1 plugins.
Preloading 0 native plugins for Editor in 0.00 ms.
Invoked RoslynAnalysisRunner static constructor.
RoslynAnalysisRunner will not be running.
RoslynAnalysisRunner has terminated.
Mono: successfully reloaded assembly
- Completed reload, in  0.860 seconds
Platform modules already initialized, skipping
Refreshing native plugins compatible for Editor in 0.32 ms, found 1 plugins.
Preloading 0 native plugins for Editor in 0.00 ms.
Unloading 1818 Unused Serialized files (Serialized files now loaded: 0)
System memory in use before: 90.0 MB.
System memory in use after: 90.0 MB.

Unloading 12 unused Assets to reduce memory usage. Loaded Objects now: 2359.
Total: 1.876100 ms (FindLiveObjects: 0.147900 ms CreateObjectMapping: 0.046600 ms MarkObjects: 1.579300 ms  DeleteObjects: 0.101000 ms)

AssetImportWorkerClient::OnTransportError - code=2 error=End of file
